
＝＝＝＝＝＝＝＝＝＝
【日志级别】：INFO 
【记录时间】：2020-07-15 22:10:55,381 [1]
【信息详情】：Application started. Press Ctrl+C to shut down.

＝＝＝＝＝＝＝＝＝＝
【日志级别】：INFO 
【记录时间】：2020-07-15 22:10:55,434 [1]
【信息详情】：Hosting environment: Development

＝＝＝＝＝＝＝＝＝＝
【日志级别】：INFO 
【记录时间】：2020-07-15 22:10:55,439 [1]
【信息详情】：Content root path: E:\Project\NutritiveMealSystem\NutritiveMealSystem.SchoolCookHouseServices

＝＝＝＝＝＝＝＝＝＝
【日志级别】：INFO 
【记录时间】：2020-07-15 22:20:53,185 [1]
【信息详情】：Application started. Press Ctrl+C to shut down.

＝＝＝＝＝＝＝＝＝＝
【日志级别】：INFO 
【记录时间】：2020-07-15 22:20:53,239 [1]
【信息详情】：Hosting environment: Development

＝＝＝＝＝＝＝＝＝＝
【日志级别】：INFO 
【记录时间】：2020-07-15 22:20:53,253 [1]
【信息详情】：Content root path: E:\Project\NutritiveMealSystem\NutritiveMealSystem.SchoolCookHouseServices

＝＝＝＝＝＝＝＝＝＝
【日志级别】：INFO 
【记录时间】：2020-07-15 22:21:48,832 [1]
【信息详情】：Application started. Press Ctrl+C to shut down.

＝＝＝＝＝＝＝＝＝＝
【日志级别】：INFO 
【记录时间】：2020-07-15 22:21:48,910 [1]
【信息详情】：Hosting environment: Development

＝＝＝＝＝＝＝＝＝＝
【日志级别】：INFO 
【记录时间】：2020-07-15 22:21:48,918 [1]
【信息详情】：Content root path: E:\Project\NutritiveMealSystem\NutritiveMealSystem.SchoolCookHouseServices

＝＝＝＝＝＝＝＝＝＝
【日志级别】：INFO 
【记录时间】：2020-07-15 22:22:39,534 [1]
【信息详情】：Now listening on: http://localhost:5000

＝＝＝＝＝＝＝＝＝＝
【日志级别】：INFO 
【记录时间】：2020-07-15 22:22:39,568 [1]
【信息详情】：Application started. Press Ctrl+C to shut down.

＝＝＝＝＝＝＝＝＝＝
【日志级别】：INFO 
【记录时间】：2020-07-15 22:22:39,573 [1]
【信息详情】：Hosting environment: Development

＝＝＝＝＝＝＝＝＝＝
【日志级别】：INFO 
【记录时间】：2020-07-15 22:22:39,576 [1]
【信息详情】：Content root path: E:\Project\NutritiveMealSystem\NutritiveMealSystem.SchoolCookHouseServices

＝＝＝＝＝＝＝＝＝＝
【日志级别】：INFO 
【记录时间】：2020-07-15 22:22:57,660 [2]
【信息详情】：Application is shutting down...

＝＝＝＝＝＝＝＝＝＝
【日志级别】：INFO 
【记录时间】：2020-07-15 22:23:41,544 [1]
【信息详情】：Now listening on: http://localhost:5000

＝＝＝＝＝＝＝＝＝＝
【日志级别】：INFO 
【记录时间】：2020-07-15 22:23:41,603 [1]
【信息详情】：Application started. Press Ctrl+C to shut down.

＝＝＝＝＝＝＝＝＝＝
【日志级别】：INFO 
【记录时间】：2020-07-15 22:23:41,614 [1]
【信息详情】：Hosting environment: Development

＝＝＝＝＝＝＝＝＝＝
【日志级别】：INFO 
【记录时间】：2020-07-15 22:23:41,619 [1]
【信息详情】：Content root path: E:\Project\NutritiveMealSystem\NutritiveMealSystem.SchoolCookHouseServices

＝＝＝＝＝＝＝＝＝＝
【日志级别】：INFO 
【记录时间】：2020-07-15 22:24:55,148 [2]
【信息详情】：Application is shutting down...

＝＝＝＝＝＝＝＝＝＝
【日志级别】：INFO 
【记录时间】：2020-07-15 22:25:15,677 [1]
【信息详情】：Now listening on: http://localhost:5000

＝＝＝＝＝＝＝＝＝＝
【日志级别】：INFO 
【记录时间】：2020-07-15 22:25:15,748 [1]
【信息详情】：Application started. Press Ctrl+C to shut down.

＝＝＝＝＝＝＝＝＝＝
【日志级别】：INFO 
【记录时间】：2020-07-15 22:25:15,757 [1]
【信息详情】：Hosting environment: Development

＝＝＝＝＝＝＝＝＝＝
【日志级别】：INFO 
【记录时间】：2020-07-15 22:25:15,773 [1]
【信息详情】：Content root path: E:\Project\NutritiveMealSystem\NutritiveMealSystem.SchoolCookHouseServices

＝＝＝＝＝＝＝＝＝＝
【日志级别】：WARN 
【记录时间】：2020-07-15 22:26:03,604 [15]
【信息详情】：The server execute BillInfoPages Fuction  --

＝＝＝＝＝＝＝＝＝＝
【日志级别】：WARN 
【记录时间】：2020-07-15 22:26:26,663 [15]
【信息详情】：The server execute BillInfoPages Fuction  --

＝＝＝＝＝＝＝＝＝＝
【日志级别】：INFO 
【记录时间】：2020-07-15 22:28:53,404 [1]
【信息详情】：Now listening on: http://localhost:5000

＝＝＝＝＝＝＝＝＝＝
【日志级别】：INFO 
【记录时间】：2020-07-15 22:28:53,455 [1]
【信息详情】：Application started. Press Ctrl+C to shut down.

＝＝＝＝＝＝＝＝＝＝
【日志级别】：INFO 
【记录时间】：2020-07-15 22:28:53,459 [1]
【信息详情】：Hosting environment: Development

＝＝＝＝＝＝＝＝＝＝
【日志级别】：INFO 
【记录时间】：2020-07-15 22:28:53,465 [1]
【信息详情】：Content root path: E:\Project\NutritiveMealSystem\NutritiveMealSystem.SchoolCookHouseServices

＝＝＝＝＝＝＝＝＝＝
【日志级别】：WARN 
【记录时间】：2020-07-15 22:29:08,889 [5]
【信息详情】：The server execute StoragePages Fuction  --

＝＝＝＝＝＝＝＝＝＝
【日志级别】：WARN 
【记录时间】：2020-07-15 22:29:15,081 [5]
【信息详情】：The server execute StoragePages Fuction  --

＝＝＝＝＝＝＝＝＝＝
【日志级别】：WARN 
【记录时间】：2020-07-15 22:29:36,192 [5]
【信息详情】：The server execute StoragePages Fuction  --
