
＝＝＝＝＝＝＝＝＝＝
【日志级别】：INFO 
【记录时间】：2020-07-06 11:19:13,319 [1]
【信息详情】：Now listening on: http://localhost:5000

＝＝＝＝＝＝＝＝＝＝
【日志级别】：INFO 
【记录时间】：2020-07-06 11:19:13,389 [1]
【信息详情】：Application started. Press Ctrl+C to shut down.

＝＝＝＝＝＝＝＝＝＝
【日志级别】：INFO 
【记录时间】：2020-07-06 11:19:13,394 [1]
【信息详情】：Hosting environment: Development

＝＝＝＝＝＝＝＝＝＝
【日志级别】：INFO 
【记录时间】：2020-07-06 11:19:13,398 [1]
【信息详情】：Content root path: C:\Users\10121\Desktop\NutritiveMealSystem\NutritiveMealSystem.TraceabilityServices

＝＝＝＝＝＝＝＝＝＝
【日志级别】：INFO 
【记录时间】：2020-07-06 11:20:31,727 [1]
【信息详情】：Now listening on: http://localhost:5000

＝＝＝＝＝＝＝＝＝＝
【日志级别】：INFO 
【记录时间】：2020-07-06 11:20:31,761 [1]
【信息详情】：Application started. Press Ctrl+C to shut down.

＝＝＝＝＝＝＝＝＝＝
【日志级别】：INFO 
【记录时间】：2020-07-06 11:20:31,765 [1]
【信息详情】：Hosting environment: Development

＝＝＝＝＝＝＝＝＝＝
【日志级别】：INFO 
【记录时间】：2020-07-06 11:20:31,770 [1]
【信息详情】：Content root path: C:\Users\10121\Desktop\NutritiveMealSystem\NutritiveMealSystem.TraceabilityServices

＝＝＝＝＝＝＝＝＝＝
【日志级别】：INFO 
【记录时间】：2020-07-06 11:20:48,288 [1]
【信息详情】：Now listening on: http://localhost:5000

＝＝＝＝＝＝＝＝＝＝
【日志级别】：INFO 
【记录时间】：2020-07-06 11:20:48,336 [1]
【信息详情】：Application started. Press Ctrl+C to shut down.

＝＝＝＝＝＝＝＝＝＝
【日志级别】：INFO 
【记录时间】：2020-07-06 11:20:48,343 [1]
【信息详情】：Hosting environment: Development

＝＝＝＝＝＝＝＝＝＝
【日志级别】：INFO 
【记录时间】：2020-07-06 11:20:48,351 [1]
【信息详情】：Content root path: C:\Users\10121\Desktop\NutritiveMealSystem\NutritiveMealSystem.TraceabilityServices

＝＝＝＝＝＝＝＝＝＝
【日志级别】：INFO 
【记录时间】：2020-07-06 11:25:12,897 [1]
【信息详情】：Now listening on: http://localhost:5000

＝＝＝＝＝＝＝＝＝＝
【日志级别】：INFO 
【记录时间】：2020-07-06 11:25:12,929 [1]
【信息详情】：Application started. Press Ctrl+C to shut down.

＝＝＝＝＝＝＝＝＝＝
【日志级别】：INFO 
【记录时间】：2020-07-06 11:25:12,933 [1]
【信息详情】：Hosting environment: Development

＝＝＝＝＝＝＝＝＝＝
【日志级别】：INFO 
【记录时间】：2020-07-06 11:25:12,936 [1]
【信息详情】：Content root path: C:\Users\10121\Desktop\NutritiveMealSystem\NutritiveMealSystem.TraceabilityServices

＝＝＝＝＝＝＝＝＝＝
【日志级别】：INFO 
【记录时间】：2020-07-06 14:26:56,138 [1]
【信息详情】：Now listening on: http://localhost:5000

＝＝＝＝＝＝＝＝＝＝
【日志级别】：INFO 
【记录时间】：2020-07-06 14:26:56,166 [1]
【信息详情】：Application started. Press Ctrl+C to shut down.

＝＝＝＝＝＝＝＝＝＝
【日志级别】：INFO 
【记录时间】：2020-07-06 14:26:56,171 [1]
【信息详情】：Hosting environment: Development

＝＝＝＝＝＝＝＝＝＝
【日志级别】：INFO 
【记录时间】：2020-07-06 14:26:56,175 [1]
【信息详情】：Content root path: C:\Users\10121\Desktop\NutritiveMealSystem\NutritiveMealSystem.TraceabilityServices

＝＝＝＝＝＝＝＝＝＝
【日志级别】：INFO 
【记录时间】：2020-07-06 14:27:22,071 [1]
【信息详情】：Now listening on: http://localhost:5000

＝＝＝＝＝＝＝＝＝＝
【日志级别】：INFO 
【记录时间】：2020-07-06 14:27:22,098 [1]
【信息详情】：Application started. Press Ctrl+C to shut down.

＝＝＝＝＝＝＝＝＝＝
【日志级别】：INFO 
【记录时间】：2020-07-06 14:27:22,110 [1]
【信息详情】：Hosting environment: Development

＝＝＝＝＝＝＝＝＝＝
【日志级别】：INFO 
【记录时间】：2020-07-06 14:27:22,113 [1]
【信息详情】：Content root path: C:\Users\10121\Desktop\NutritiveMealSystem\NutritiveMealSystem.TraceabilityServices

＝＝＝＝＝＝＝＝＝＝
【日志级别】：INFO 
【记录时间】：2020-07-06 14:27:35,605 [2]
【信息详情】：Application is shutting down...

＝＝＝＝＝＝＝＝＝＝
【日志级别】：INFO 
【记录时间】：2020-07-06 14:27:55,067 [1]
【信息详情】：Now listening on: http://localhost:5000

＝＝＝＝＝＝＝＝＝＝
【日志级别】：INFO 
【记录时间】：2020-07-06 14:27:55,096 [1]
【信息详情】：Application started. Press Ctrl+C to shut down.

＝＝＝＝＝＝＝＝＝＝
【日志级别】：INFO 
【记录时间】：2020-07-06 14:27:55,100 [1]
【信息详情】：Hosting environment: Development

＝＝＝＝＝＝＝＝＝＝
【日志级别】：INFO 
【记录时间】：2020-07-06 14:27:55,103 [1]
【信息详情】：Content root path: C:\Users\10121\Desktop\NutritiveMealSystem\NutritiveMealSystem.TraceabilityServices

＝＝＝＝＝＝＝＝＝＝
【日志级别】：INFO 
【记录时间】：2020-07-06 14:28:23,787 [2]
【信息详情】：Application is shutting down...

＝＝＝＝＝＝＝＝＝＝
【日志级别】：INFO 
【记录时间】：2020-07-06 14:29:06,222 [1]
【信息详情】：Now listening on: http://localhost:5000

＝＝＝＝＝＝＝＝＝＝
【日志级别】：INFO 
【记录时间】：2020-07-06 14:29:06,252 [1]
【信息详情】：Application started. Press Ctrl+C to shut down.

＝＝＝＝＝＝＝＝＝＝
【日志级别】：INFO 
【记录时间】：2020-07-06 14:29:06,255 [1]
【信息详情】：Hosting environment: Development

＝＝＝＝＝＝＝＝＝＝
【日志级别】：INFO 
【记录时间】：2020-07-06 14:29:06,258 [1]
【信息详情】：Content root path: C:\Users\10121\Desktop\NutritiveMealSystem\NutritiveMealSystem.TraceabilityServices

＝＝＝＝＝＝＝＝＝＝
【日志级别】：INFO 
【记录时间】：2020-07-06 14:29:21,017 [2]
【信息详情】：Application is shutting down...

＝＝＝＝＝＝＝＝＝＝
【日志级别】：INFO 
【记录时间】：2020-07-06 14:29:38,188 [1]
【信息详情】：Now listening on: http://localhost:5000

＝＝＝＝＝＝＝＝＝＝
【日志级别】：INFO 
【记录时间】：2020-07-06 14:29:38,221 [1]
【信息详情】：Application started. Press Ctrl+C to shut down.

＝＝＝＝＝＝＝＝＝＝
【日志级别】：INFO 
【记录时间】：2020-07-06 14:29:38,225 [1]
【信息详情】：Hosting environment: Development

＝＝＝＝＝＝＝＝＝＝
【日志级别】：INFO 
【记录时间】：2020-07-06 14:29:38,229 [1]
【信息详情】：Content root path: C:\Users\10121\Desktop\NutritiveMealSystem\NutritiveMealSystem.TraceabilityServices

＝＝＝＝＝＝＝＝＝＝
【日志级别】：INFO 
【记录时间】：2020-07-06 14:30:03,287 [1]
【信息详情】：Now listening on: http://localhost:5000

＝＝＝＝＝＝＝＝＝＝
【日志级别】：INFO 
【记录时间】：2020-07-06 14:30:03,318 [1]
【信息详情】：Application started. Press Ctrl+C to shut down.

＝＝＝＝＝＝＝＝＝＝
【日志级别】：INFO 
【记录时间】：2020-07-06 14:30:03,322 [1]
【信息详情】：Hosting environment: Development

＝＝＝＝＝＝＝＝＝＝
【日志级别】：INFO 
【记录时间】：2020-07-06 14:30:03,325 [1]
【信息详情】：Content root path: C:\Users\10121\Desktop\NutritiveMealSystem\NutritiveMealSystem.TraceabilityServices

＝＝＝＝＝＝＝＝＝＝
【日志级别】：INFO 
【记录时间】：2020-07-06 14:33:11,471 [1]
【信息详情】：Now listening on: http://localhost:5000

＝＝＝＝＝＝＝＝＝＝
【日志级别】：INFO 
【记录时间】：2020-07-06 14:33:11,506 [1]
【信息详情】：Application started. Press Ctrl+C to shut down.

＝＝＝＝＝＝＝＝＝＝
【日志级别】：INFO 
【记录时间】：2020-07-06 14:33:11,511 [1]
【信息详情】：Hosting environment: Development

＝＝＝＝＝＝＝＝＝＝
【日志级别】：INFO 
【记录时间】：2020-07-06 14:33:11,516 [1]
【信息详情】：Content root path: C:\Users\10121\Desktop\NutritiveMealSystem\NutritiveMealSystem.TraceabilityServices

＝＝＝＝＝＝＝＝＝＝
【日志级别】：INFO 
【记录时间】：2020-07-06 14:35:18,703 [1]
【信息详情】：Now listening on: http://localhost:5000

＝＝＝＝＝＝＝＝＝＝
【日志级别】：INFO 
【记录时间】：2020-07-06 14:35:18,734 [1]
【信息详情】：Application started. Press Ctrl+C to shut down.

＝＝＝＝＝＝＝＝＝＝
【日志级别】：INFO 
【记录时间】：2020-07-06 14:35:18,738 [1]
【信息详情】：Hosting environment: Development

＝＝＝＝＝＝＝＝＝＝
【日志级别】：INFO 
【记录时间】：2020-07-06 14:35:18,743 [1]
【信息详情】：Content root path: C:\Users\10121\Desktop\NutritiveMealSystem\NutritiveMealSystem.TraceabilityServices

＝＝＝＝＝＝＝＝＝＝
【日志级别】：INFO 
【记录时间】：2020-07-06 14:36:18,639 [1]
【信息详情】：Now listening on: http://localhost:5000

＝＝＝＝＝＝＝＝＝＝
【日志级别】：INFO 
【记录时间】：2020-07-06 14:36:18,681 [1]
【信息详情】：Application started. Press Ctrl+C to shut down.

＝＝＝＝＝＝＝＝＝＝
【日志级别】：INFO 
【记录时间】：2020-07-06 14:36:18,686 [1]
【信息详情】：Hosting environment: Development

＝＝＝＝＝＝＝＝＝＝
【日志级别】：INFO 
【记录时间】：2020-07-06 14:36:18,691 [1]
【信息详情】：Content root path: C:\Users\10121\Desktop\NutritiveMealSystem\NutritiveMealSystem.TraceabilityServices

＝＝＝＝＝＝＝＝＝＝
【日志级别】：INFO 
【记录时间】：2020-07-06 14:44:08,658 [1]
【信息详情】：Now listening on: http://localhost:5000

＝＝＝＝＝＝＝＝＝＝
【日志级别】：INFO 
【记录时间】：2020-07-06 14:44:08,689 [1]
【信息详情】：Application started. Press Ctrl+C to shut down.

＝＝＝＝＝＝＝＝＝＝
【日志级别】：INFO 
【记录时间】：2020-07-06 14:44:08,692 [1]
【信息详情】：Hosting environment: Development

＝＝＝＝＝＝＝＝＝＝
【日志级别】：INFO 
【记录时间】：2020-07-06 14:44:08,696 [1]
【信息详情】：Content root path: C:\Users\10121\Desktop\NutritiveMealSystem\NutritiveMealSystem.TraceabilityServices

＝＝＝＝＝＝＝＝＝＝
【日志级别】：INFO 
【记录时间】：2020-07-06 14:44:37,778 [2]
【信息详情】：Application is shutting down...

＝＝＝＝＝＝＝＝＝＝
【日志级别】：INFO 
【记录时间】：2020-07-06 14:44:52,865 [1]
【信息详情】：Now listening on: http://localhost:5000

＝＝＝＝＝＝＝＝＝＝
【日志级别】：INFO 
【记录时间】：2020-07-06 14:44:52,902 [1]
【信息详情】：Application started. Press Ctrl+C to shut down.

＝＝＝＝＝＝＝＝＝＝
【日志级别】：INFO 
【记录时间】：2020-07-06 14:44:52,907 [1]
【信息详情】：Hosting environment: Development

＝＝＝＝＝＝＝＝＝＝
【日志级别】：INFO 
【记录时间】：2020-07-06 14:44:52,910 [1]
【信息详情】：Content root path: C:\Users\10121\Desktop\NutritiveMealSystem\NutritiveMealSystem.TraceabilityServices

＝＝＝＝＝＝＝＝＝＝
【日志级别】：INFO 
【记录时间】：2020-07-06 15:09:11,247 [1]
【信息详情】：Now listening on: http://localhost:5000

＝＝＝＝＝＝＝＝＝＝
【日志级别】：INFO 
【记录时间】：2020-07-06 15:09:11,276 [1]
【信息详情】：Application started. Press Ctrl+C to shut down.

＝＝＝＝＝＝＝＝＝＝
【日志级别】：INFO 
【记录时间】：2020-07-06 15:09:11,280 [1]
【信息详情】：Hosting environment: Development

＝＝＝＝＝＝＝＝＝＝
【日志级别】：INFO 
【记录时间】：2020-07-06 15:09:11,284 [1]
【信息详情】：Content root path: C:\Users\10121\Desktop\NutritiveMealSystem\NutritiveMealSystem.TraceabilityServices

＝＝＝＝＝＝＝＝＝＝
【日志级别】：INFO 
【记录时间】：2020-07-06 15:20:43,285 [1]
【信息详情】：Now listening on: http://localhost:5000

＝＝＝＝＝＝＝＝＝＝
【日志级别】：INFO 
【记录时间】：2020-07-06 15:20:43,326 [1]
【信息详情】：Application started. Press Ctrl+C to shut down.

＝＝＝＝＝＝＝＝＝＝
【日志级别】：INFO 
【记录时间】：2020-07-06 15:20:43,330 [1]
【信息详情】：Hosting environment: Development

＝＝＝＝＝＝＝＝＝＝
【日志级别】：INFO 
【记录时间】：2020-07-06 15:20:43,334 [1]
【信息详情】：Content root path: C:\Users\10121\Desktop\NutritiveMealSystem\NutritiveMealSystem.TraceabilityServices

＝＝＝＝＝＝＝＝＝＝
【日志级别】：INFO 
【记录时间】：2020-07-06 15:29:54,193 [1]
【信息详情】：Now listening on: http://localhost:5000

＝＝＝＝＝＝＝＝＝＝
【日志级别】：INFO 
【记录时间】：2020-07-06 15:29:54,228 [1]
【信息详情】：Application started. Press Ctrl+C to shut down.

＝＝＝＝＝＝＝＝＝＝
【日志级别】：INFO 
【记录时间】：2020-07-06 15:29:54,232 [1]
【信息详情】：Hosting environment: Development

＝＝＝＝＝＝＝＝＝＝
【日志级别】：INFO 
【记录时间】：2020-07-06 15:29:54,236 [1]
【信息详情】：Content root path: C:\Users\10121\Desktop\NutritiveMealSystem\NutritiveMealSystem.TraceabilityServices

＝＝＝＝＝＝＝＝＝＝
【日志级别】：INFO 
【记录时间】：2020-07-06 15:34:20,928 [1]
【信息详情】：Now listening on: http://localhost:5000

＝＝＝＝＝＝＝＝＝＝
【日志级别】：INFO 
【记录时间】：2020-07-06 15:34:20,960 [1]
【信息详情】：Application started. Press Ctrl+C to shut down.

＝＝＝＝＝＝＝＝＝＝
【日志级别】：INFO 
【记录时间】：2020-07-06 15:34:20,964 [1]
【信息详情】：Hosting environment: Development

＝＝＝＝＝＝＝＝＝＝
【日志级别】：INFO 
【记录时间】：2020-07-06 15:34:20,968 [1]
【信息详情】：Content root path: C:\Users\10121\Desktop\NutritiveMealSystem\NutritiveMealSystem.TraceabilityServices

＝＝＝＝＝＝＝＝＝＝
【日志级别】：INFO 
【记录时间】：2020-07-06 16:13:15,452 [1]
【信息详情】：Now listening on: http://localhost:5000

＝＝＝＝＝＝＝＝＝＝
【日志级别】：INFO 
【记录时间】：2020-07-06 16:30:53,900 [1]
【信息详情】：Now listening on: http://localhost:5000

＝＝＝＝＝＝＝＝＝＝
【日志级别】：INFO 
【记录时间】：2020-07-06 16:30:54,026 [1]
【信息详情】：Application started. Press Ctrl+C to shut down.

＝＝＝＝＝＝＝＝＝＝
【日志级别】：INFO 
【记录时间】：2020-07-06 16:30:54,031 [1]
【信息详情】：Hosting environment: Development

＝＝＝＝＝＝＝＝＝＝
【日志级别】：INFO 
【记录时间】：2020-07-06 16:30:54,036 [1]
【信息详情】：Content root path: C:\Users\10121\Desktop\NutritiveMealSystem\NutritiveMealSystem.TraceabilityServices

＝＝＝＝＝＝＝＝＝＝
【日志级别】：INFO 
【记录时间】：2020-07-06 16:50:08,766 [1]
【信息详情】：Now listening on: http://localhost:5000

＝＝＝＝＝＝＝＝＝＝
【日志级别】：INFO 
【记录时间】：2020-07-06 16:50:08,800 [1]
【信息详情】：Application started. Press Ctrl+C to shut down.

＝＝＝＝＝＝＝＝＝＝
【日志级别】：INFO 
【记录时间】：2020-07-06 16:50:08,805 [1]
【信息详情】：Hosting environment: Development

＝＝＝＝＝＝＝＝＝＝
【日志级别】：INFO 
【记录时间】：2020-07-06 16:50:08,809 [1]
【信息详情】：Content root path: C:\Users\10121\Desktop\NutritiveMealSystem\NutritiveMealSystem.TraceabilityServices

＝＝＝＝＝＝＝＝＝＝
【日志级别】：WARN 
【记录时间】：2020-07-06 16:50:25,351 [5]
【信息详情】：The server excute GetAllStaff   --2020/7/6 16:50:25

＝＝＝＝＝＝＝＝＝＝
【日志级别】：INFO 
【记录时间】：2020-07-06 17:24:11,520 [1]
【信息详情】：Now listening on: http://localhost:5000

＝＝＝＝＝＝＝＝＝＝
【日志级别】：INFO 
【记录时间】：2020-07-06 17:24:11,560 [1]
【信息详情】：Application started. Press Ctrl+C to shut down.

＝＝＝＝＝＝＝＝＝＝
【日志级别】：INFO 
【记录时间】：2020-07-06 17:24:11,564 [1]
【信息详情】：Hosting environment: Development

＝＝＝＝＝＝＝＝＝＝
【日志级别】：INFO 
【记录时间】：2020-07-06 17:24:11,569 [1]
【信息详情】：Content root path: C:\Users\10121\Desktop\NutritiveMealSystem\NutritiveMealSystem.TraceabilityServices

＝＝＝＝＝＝＝＝＝＝
【日志级别】：INFO 
【记录时间】：2020-07-06 17:24:34,617 [1]
【信息详情】：Now listening on: http://localhost:5000

＝＝＝＝＝＝＝＝＝＝
【日志级别】：INFO 
【记录时间】：2020-07-06 17:24:34,649 [1]
【信息详情】：Application started. Press Ctrl+C to shut down.

＝＝＝＝＝＝＝＝＝＝
【日志级别】：INFO 
【记录时间】：2020-07-06 17:24:34,654 [1]
【信息详情】：Hosting environment: Development

＝＝＝＝＝＝＝＝＝＝
【日志级别】：INFO 
【记录时间】：2020-07-06 17:24:34,658 [1]
【信息详情】：Content root path: C:\Users\10121\Desktop\NutritiveMealSystem\NutritiveMealSystem.TraceabilityServices

＝＝＝＝＝＝＝＝＝＝
【日志级别】：INFO 
【记录时间】：2020-07-06 19:29:22,283 [1]
【信息详情】：Now listening on: http://localhost:5000

＝＝＝＝＝＝＝＝＝＝
【日志级别】：INFO 
【记录时间】：2020-07-06 19:29:22,317 [1]
【信息详情】：Application started. Press Ctrl+C to shut down.

＝＝＝＝＝＝＝＝＝＝
【日志级别】：INFO 
【记录时间】：2020-07-06 19:29:22,321 [1]
【信息详情】：Hosting environment: Development

＝＝＝＝＝＝＝＝＝＝
【日志级别】：INFO 
【记录时间】：2020-07-06 19:29:22,327 [1]
【信息详情】：Content root path: C:\Users\10121\Desktop\NutritiveMealSystem\NutritiveMealSystem.TraceabilityServices

＝＝＝＝＝＝＝＝＝＝
【日志级别】：INFO 
【记录时间】：2020-07-06 19:34:25,353 [1]
【信息详情】：Now listening on: http://localhost:5000

＝＝＝＝＝＝＝＝＝＝
【日志级别】：INFO 
【记录时间】：2020-07-06 19:34:25,398 [1]
【信息详情】：Application started. Press Ctrl+C to shut down.

＝＝＝＝＝＝＝＝＝＝
【日志级别】：INFO 
【记录时间】：2020-07-06 19:34:25,401 [1]
【信息详情】：Hosting environment: Development

＝＝＝＝＝＝＝＝＝＝
【日志级别】：INFO 
【记录时间】：2020-07-06 19:34:25,407 [1]
【信息详情】：Content root path: C:\Users\10121\Desktop\NutritiveMealSystem\NutritiveMealSystem.TraceabilityServices
