
＝＝＝＝＝＝＝＝＝＝
【日志级别】：INFO 
【记录时间】：2020-07-05 10:41:48,972 [1]
【信息详情】：Now listening on: http://localhost:5000

＝＝＝＝＝＝＝＝＝＝
【日志级别】：INFO 
【记录时间】：2020-07-05 10:41:49,006 [1]
【信息详情】：Application started. Press Ctrl+C to shut down.

＝＝＝＝＝＝＝＝＝＝
【日志级别】：INFO 
【记录时间】：2020-07-05 10:41:49,010 [1]
【信息详情】：Hosting environment: Development

＝＝＝＝＝＝＝＝＝＝
【日志级别】：INFO 
【记录时间】：2020-07-05 10:41:49,013 [1]
【信息详情】：Content root path: C:\Users\10121\Desktop\NutritiveMealSystem\NutritiveMealSystem.FoodAnalysisServices

＝＝＝＝＝＝＝＝＝＝
【日志级别】：INFO 
【记录时间】：2020-07-05 10:43:17,375 [1]
【信息详情】：Now listening on: http://localhost:5000

＝＝＝＝＝＝＝＝＝＝
【日志级别】：INFO 
【记录时间】：2020-07-05 10:43:17,415 [1]
【信息详情】：Application started. Press Ctrl+C to shut down.

＝＝＝＝＝＝＝＝＝＝
【日志级别】：INFO 
【记录时间】：2020-07-05 10:43:17,418 [1]
【信息详情】：Hosting environment: Development

＝＝＝＝＝＝＝＝＝＝
【日志级别】：INFO 
【记录时间】：2020-07-05 10:43:17,422 [1]
【信息详情】：Content root path: C:\Users\10121\Desktop\NutritiveMealSystem\NutritiveMealSystem.FoodAnalysisServices

＝＝＝＝＝＝＝＝＝＝
【日志级别】：INFO 
【记录时间】：2020-07-05 10:53:44,996 [1]
【信息详情】：Now listening on: http://localhost:5000

＝＝＝＝＝＝＝＝＝＝
【日志级别】：INFO 
【记录时间】：2020-07-05 10:53:45,029 [1]
【信息详情】：Application started. Press Ctrl+C to shut down.

＝＝＝＝＝＝＝＝＝＝
【日志级别】：INFO 
【记录时间】：2020-07-05 10:53:45,033 [1]
【信息详情】：Hosting environment: Development

＝＝＝＝＝＝＝＝＝＝
【日志级别】：INFO 
【记录时间】：2020-07-05 10:53:45,038 [1]
【信息详情】：Content root path: C:\Users\10121\Desktop\NutritiveMealSystem\NutritiveMealSystem.FoodAnalysisServices

＝＝＝＝＝＝＝＝＝＝
【日志级别】：INFO 
【记录时间】：2020-07-05 11:00:20,668 [1]
【信息详情】：Now listening on: http://localhost:5000

＝＝＝＝＝＝＝＝＝＝
【日志级别】：INFO 
【记录时间】：2020-07-05 11:00:20,702 [1]
【信息详情】：Application started. Press Ctrl+C to shut down.

＝＝＝＝＝＝＝＝＝＝
【日志级别】：INFO 
【记录时间】：2020-07-05 11:00:20,709 [1]
【信息详情】：Hosting environment: Development

＝＝＝＝＝＝＝＝＝＝
【日志级别】：INFO 
【记录时间】：2020-07-05 11:00:20,729 [1]
【信息详情】：Content root path: C:\Users\10121\Desktop\NutritiveMealSystem\NutritiveMealSystem.FoodAnalysisServices

＝＝＝＝＝＝＝＝＝＝
【日志级别】：INFO 
【记录时间】：2020-07-05 11:04:34,761 [1]
【信息详情】：Now listening on: http://localhost:5000

＝＝＝＝＝＝＝＝＝＝
【日志级别】：INFO 
【记录时间】：2020-07-05 11:04:34,815 [1]
【信息详情】：Application started. Press Ctrl+C to shut down.

＝＝＝＝＝＝＝＝＝＝
【日志级别】：INFO 
【记录时间】：2020-07-05 11:04:34,876 [1]
【信息详情】：Hosting environment: Development

＝＝＝＝＝＝＝＝＝＝
【日志级别】：INFO 
【记录时间】：2020-07-05 11:04:34,898 [1]
【信息详情】：Content root path: C:\Users\10121\Desktop\NutritiveMealSystem\NutritiveMealSystem.FoodAnalysisServices

＝＝＝＝＝＝＝＝＝＝
【日志级别】：INFO 
【记录时间】：2020-07-05 11:05:02,002 [1]
【信息详情】：Now listening on: http://localhost:5000

＝＝＝＝＝＝＝＝＝＝
【日志级别】：INFO 
【记录时间】：2020-07-05 11:05:02,046 [1]
【信息详情】：Application started. Press Ctrl+C to shut down.

＝＝＝＝＝＝＝＝＝＝
【日志级别】：INFO 
【记录时间】：2020-07-05 11:05:02,052 [1]
【信息详情】：Hosting environment: Development

＝＝＝＝＝＝＝＝＝＝
【日志级别】：INFO 
【记录时间】：2020-07-05 11:05:02,056 [1]
【信息详情】：Content root path: C:\Users\10121\Desktop\NutritiveMealSystem\NutritiveMealSystem.FoodAnalysisServices

＝＝＝＝＝＝＝＝＝＝
【日志级别】：INFO 
【记录时间】：2020-07-05 11:23:14,310 [1]
【信息详情】：Now listening on: http://localhost:5000

＝＝＝＝＝＝＝＝＝＝
【日志级别】：INFO 
【记录时间】：2020-07-05 11:23:14,385 [1]
【信息详情】：Application started. Press Ctrl+C to shut down.

＝＝＝＝＝＝＝＝＝＝
【日志级别】：INFO 
【记录时间】：2020-07-05 11:23:14,389 [1]
【信息详情】：Hosting environment: Development

＝＝＝＝＝＝＝＝＝＝
【日志级别】：INFO 
【记录时间】：2020-07-05 11:23:14,395 [1]
【信息详情】：Content root path: C:\Users\10121\Desktop\NutritiveMealSystem\NutritiveMealSystem.FoodAnalysisServices

＝＝＝＝＝＝＝＝＝＝
【日志级别】：INFO 
【记录时间】：2020-07-05 11:24:53,147 [1]
【信息详情】：Now listening on: http://localhost:5000

＝＝＝＝＝＝＝＝＝＝
【日志级别】：INFO 
【记录时间】：2020-07-05 11:24:53,265 [1]
【信息详情】：Application started. Press Ctrl+C to shut down.

＝＝＝＝＝＝＝＝＝＝
【日志级别】：INFO 
【记录时间】：2020-07-05 11:24:53,270 [1]
【信息详情】：Hosting environment: Development

＝＝＝＝＝＝＝＝＝＝
【日志级别】：INFO 
【记录时间】：2020-07-05 11:24:53,277 [1]
【信息详情】：Content root path: C:\Users\10121\Desktop\NutritiveMealSystem\NutritiveMealSystem.FoodAnalysisServices

＝＝＝＝＝＝＝＝＝＝
【日志级别】：INFO 
【记录时间】：2020-07-05 14:10:24,225 [1]
【信息详情】：Now listening on: http://localhost:5000

＝＝＝＝＝＝＝＝＝＝
【日志级别】：INFO 
【记录时间】：2020-07-05 14:10:24,264 [1]
【信息详情】：Application started. Press Ctrl+C to shut down.

＝＝＝＝＝＝＝＝＝＝
【日志级别】：INFO 
【记录时间】：2020-07-05 14:10:24,270 [1]
【信息详情】：Hosting environment: Development

＝＝＝＝＝＝＝＝＝＝
【日志级别】：INFO 
【记录时间】：2020-07-05 14:10:24,274 [1]
【信息详情】：Content root path: C:\Users\10121\Desktop\NutritiveMealSystem\NutritiveMealSystem.FoodAnalysisServices

＝＝＝＝＝＝＝＝＝＝
【日志级别】：INFO 
【记录时间】：2020-07-05 14:12:06,717 [1]
【信息详情】：Now listening on: http://localhost:5000

＝＝＝＝＝＝＝＝＝＝
【日志级别】：INFO 
【记录时间】：2020-07-05 14:12:06,747 [1]
【信息详情】：Application started. Press Ctrl+C to shut down.

＝＝＝＝＝＝＝＝＝＝
【日志级别】：INFO 
【记录时间】：2020-07-05 14:12:06,750 [1]
【信息详情】：Hosting environment: Development

＝＝＝＝＝＝＝＝＝＝
【日志级别】：INFO 
【记录时间】：2020-07-05 14:12:06,754 [1]
【信息详情】：Content root path: C:\Users\10121\Desktop\NutritiveMealSystem\NutritiveMealSystem.FoodAnalysisServices

＝＝＝＝＝＝＝＝＝＝
【日志级别】：INFO 
【记录时间】：2020-07-05 14:14:12,428 [1]
【信息详情】：Now listening on: http://localhost:5000

＝＝＝＝＝＝＝＝＝＝
【日志级别】：INFO 
【记录时间】：2020-07-05 14:14:12,459 [1]
【信息详情】：Application started. Press Ctrl+C to shut down.

＝＝＝＝＝＝＝＝＝＝
【日志级别】：INFO 
【记录时间】：2020-07-05 14:14:12,463 [1]
【信息详情】：Hosting environment: Development

＝＝＝＝＝＝＝＝＝＝
【日志级别】：INFO 
【记录时间】：2020-07-05 14:14:12,467 [1]
【信息详情】：Content root path: C:\Users\10121\Desktop\NutritiveMealSystem\NutritiveMealSystem.FoodAnalysisServices

＝＝＝＝＝＝＝＝＝＝
【日志级别】：INFO 
【记录时间】：2020-07-05 14:25:01,366 [1]
【信息详情】：Now listening on: http://localhost:5000

＝＝＝＝＝＝＝＝＝＝
【日志级别】：INFO 
【记录时间】：2020-07-05 14:25:01,395 [1]
【信息详情】：Application started. Press Ctrl+C to shut down.

＝＝＝＝＝＝＝＝＝＝
【日志级别】：INFO 
【记录时间】：2020-07-05 14:25:01,398 [1]
【信息详情】：Hosting environment: Development

＝＝＝＝＝＝＝＝＝＝
【日志级别】：INFO 
【记录时间】：2020-07-05 14:25:01,402 [1]
【信息详情】：Content root path: C:\Users\10121\Desktop\NutritiveMealSystem\NutritiveMealSystem.FoodAnalysisServices

＝＝＝＝＝＝＝＝＝＝
【日志级别】：INFO 
【记录时间】：2020-07-05 14:36:26,209 [1]
【信息详情】：Now listening on: http://localhost:5000

＝＝＝＝＝＝＝＝＝＝
【日志级别】：INFO 
【记录时间】：2020-07-05 14:36:26,238 [1]
【信息详情】：Application started. Press Ctrl+C to shut down.

＝＝＝＝＝＝＝＝＝＝
【日志级别】：INFO 
【记录时间】：2020-07-05 14:36:26,242 [1]
【信息详情】：Hosting environment: Development

＝＝＝＝＝＝＝＝＝＝
【日志级别】：INFO 
【记录时间】：2020-07-05 14:36:26,246 [1]
【信息详情】：Content root path: C:\Users\10121\Desktop\NutritiveMealSystem\NutritiveMealSystem.FoodAnalysisServices

＝＝＝＝＝＝＝＝＝＝
【日志级别】：INFO 
【记录时间】：2020-07-05 14:39:11,606 [1]
【信息详情】：Now listening on: http://localhost:5000

＝＝＝＝＝＝＝＝＝＝
【日志级别】：INFO 
【记录时间】：2020-07-05 14:39:11,643 [1]
【信息详情】：Application started. Press Ctrl+C to shut down.

＝＝＝＝＝＝＝＝＝＝
【日志级别】：INFO 
【记录时间】：2020-07-05 14:39:11,647 [1]
【信息详情】：Hosting environment: Development

＝＝＝＝＝＝＝＝＝＝
【日志级别】：INFO 
【记录时间】：2020-07-05 14:39:11,651 [1]
【信息详情】：Content root path: C:\Users\10121\Desktop\NutritiveMealSystem\NutritiveMealSystem.FoodAnalysisServices

＝＝＝＝＝＝＝＝＝＝
【日志级别】：INFO 
【记录时间】：2020-07-05 14:44:09,403 [1]
【信息详情】：Now listening on: http://localhost:5000

＝＝＝＝＝＝＝＝＝＝
【日志级别】：INFO 
【记录时间】：2020-07-05 14:44:09,431 [1]
【信息详情】：Application started. Press Ctrl+C to shut down.

＝＝＝＝＝＝＝＝＝＝
【日志级别】：INFO 
【记录时间】：2020-07-05 14:44:09,435 [1]
【信息详情】：Hosting environment: Development

＝＝＝＝＝＝＝＝＝＝
【日志级别】：INFO 
【记录时间】：2020-07-05 14:44:09,438 [1]
【信息详情】：Content root path: C:\Users\10121\Desktop\NutritiveMealSystem\NutritiveMealSystem.FoodAnalysisServices

＝＝＝＝＝＝＝＝＝＝
【日志级别】：INFO 
【记录时间】：2020-07-05 14:45:17,375 [1]
【信息详情】：Now listening on: http://localhost:5000

＝＝＝＝＝＝＝＝＝＝
【日志级别】：INFO 
【记录时间】：2020-07-05 14:45:17,408 [1]
【信息详情】：Application started. Press Ctrl+C to shut down.

＝＝＝＝＝＝＝＝＝＝
【日志级别】：INFO 
【记录时间】：2020-07-05 14:45:17,412 [1]
【信息详情】：Hosting environment: Development

＝＝＝＝＝＝＝＝＝＝
【日志级别】：INFO 
【记录时间】：2020-07-05 14:45:17,416 [1]
【信息详情】：Content root path: C:\Users\10121\Desktop\NutritiveMealSystem\NutritiveMealSystem.FoodAnalysisServices

＝＝＝＝＝＝＝＝＝＝
【日志级别】：INFO 
【记录时间】：2020-07-05 14:46:13,270 [1]
【信息详情】：Now listening on: http://localhost:5000

＝＝＝＝＝＝＝＝＝＝
【日志级别】：INFO 
【记录时间】：2020-07-05 14:46:13,299 [1]
【信息详情】：Application started. Press Ctrl+C to shut down.

＝＝＝＝＝＝＝＝＝＝
【日志级别】：INFO 
【记录时间】：2020-07-05 14:46:13,303 [1]
【信息详情】：Hosting environment: Development

＝＝＝＝＝＝＝＝＝＝
【日志级别】：INFO 
【记录时间】：2020-07-05 14:46:13,307 [1]
【信息详情】：Content root path: C:\Users\10121\Desktop\NutritiveMealSystem\NutritiveMealSystem.FoodAnalysisServices

＝＝＝＝＝＝＝＝＝＝
【日志级别】：INFO 
【记录时间】：2020-07-05 14:50:05,172 [1]
【信息详情】：Now listening on: http://localhost:5000

＝＝＝＝＝＝＝＝＝＝
【日志级别】：INFO 
【记录时间】：2020-07-05 14:50:05,264 [1]
【信息详情】：Application started. Press Ctrl+C to shut down.

＝＝＝＝＝＝＝＝＝＝
【日志级别】：INFO 
【记录时间】：2020-07-05 14:50:05,268 [1]
【信息详情】：Hosting environment: Development

＝＝＝＝＝＝＝＝＝＝
【日志级别】：INFO 
【记录时间】：2020-07-05 14:50:05,279 [1]
【信息详情】：Content root path: C:\Users\10121\Desktop\NutritiveMealSystem\NutritiveMealSystem.FoodAnalysisServices

＝＝＝＝＝＝＝＝＝＝
【日志级别】：WARN 
【记录时间】：2020-07-05 14:53:06,907 [4]
【信息详情】：The server execute AddCookBook Fuction  --2020/7/5 14:53:06

＝＝＝＝＝＝＝＝＝＝
【日志级别】：INFO 
【记录时间】：2020-07-05 14:59:20,258 [1]
【信息详情】：Now listening on: http://localhost:5000

＝＝＝＝＝＝＝＝＝＝
【日志级别】：INFO 
【记录时间】：2020-07-05 14:59:20,286 [1]
【信息详情】：Application started. Press Ctrl+C to shut down.

＝＝＝＝＝＝＝＝＝＝
【日志级别】：INFO 
【记录时间】：2020-07-05 14:59:20,291 [1]
【信息详情】：Hosting environment: Development

＝＝＝＝＝＝＝＝＝＝
【日志级别】：INFO 
【记录时间】：2020-07-05 14:59:20,294 [1]
【信息详情】：Content root path: C:\Users\10121\Desktop\NutritiveMealSystem\NutritiveMealSystem.FoodAnalysisServices

＝＝＝＝＝＝＝＝＝＝
【日志级别】：WARN 
【记录时间】：2020-07-05 15:01:55,056 [21]
【信息详情】：The server execute AddCookBook Fuction  --2020/7/5 15:01:54

＝＝＝＝＝＝＝＝＝＝
【日志级别】：WARN 
【记录时间】：2020-07-05 15:06:06,465 [30]
【信息详情】：The server execute GetAllCookBook Function  --2020/7/5 15:06:06

＝＝＝＝＝＝＝＝＝＝
【日志级别】：INFO 
【记录时间】：2020-07-05 17:21:32,302 [1]
【信息详情】：Now listening on: http://localhost:5000

＝＝＝＝＝＝＝＝＝＝
【日志级别】：INFO 
【记录时间】：2020-07-05 17:21:32,338 [1]
【信息详情】：Application started. Press Ctrl+C to shut down.

＝＝＝＝＝＝＝＝＝＝
【日志级别】：INFO 
【记录时间】：2020-07-05 17:21:32,348 [1]
【信息详情】：Hosting environment: Development

＝＝＝＝＝＝＝＝＝＝
【日志级别】：INFO 
【记录时间】：2020-07-05 17:21:32,352 [1]
【信息详情】：Content root path: C:\Users\10121\Desktop\NutritiveMealSystem\NutritiveMealSystem.FoodAnalysisServices

＝＝＝＝＝＝＝＝＝＝
【日志级别】：INFO 
【记录时间】：2020-07-05 17:22:36,951 [1]
【信息详情】：Now listening on: http://localhost:5000

＝＝＝＝＝＝＝＝＝＝
【日志级别】：INFO 
【记录时间】：2020-07-05 17:22:36,987 [1]
【信息详情】：Application started. Press Ctrl+C to shut down.

＝＝＝＝＝＝＝＝＝＝
【日志级别】：INFO 
【记录时间】：2020-07-05 17:22:36,991 [1]
【信息详情】：Hosting environment: Development

＝＝＝＝＝＝＝＝＝＝
【日志级别】：INFO 
【记录时间】：2020-07-05 17:22:36,995 [1]
【信息详情】：Content root path: C:\Users\10121\Desktop\NutritiveMealSystem\NutritiveMealSystem.FoodAnalysisServices

＝＝＝＝＝＝＝＝＝＝
【日志级别】：INFO 
【记录时间】：2020-07-05 17:24:10,802 [1]
【信息详情】：Now listening on: http://localhost:5000

＝＝＝＝＝＝＝＝＝＝
【日志级别】：INFO 
【记录时间】：2020-07-05 17:24:10,836 [1]
【信息详情】：Application started. Press Ctrl+C to shut down.

＝＝＝＝＝＝＝＝＝＝
【日志级别】：INFO 
【记录时间】：2020-07-05 17:24:10,840 [1]
【信息详情】：Hosting environment: Development

＝＝＝＝＝＝＝＝＝＝
【日志级别】：INFO 
【记录时间】：2020-07-05 17:24:10,843 [1]
【信息详情】：Content root path: C:\Users\10121\Desktop\NutritiveMealSystem\NutritiveMealSystem.FoodAnalysisServices

＝＝＝＝＝＝＝＝＝＝
【日志级别】：INFO 
【记录时间】：2020-07-05 17:24:26,827 [2]
【信息详情】：Application is shutting down...

＝＝＝＝＝＝＝＝＝＝
【日志级别】：INFO 
【记录时间】：2020-07-05 17:24:55,350 [1]
【信息详情】：Now listening on: http://localhost:5000

＝＝＝＝＝＝＝＝＝＝
【日志级别】：INFO 
【记录时间】：2020-07-05 17:24:55,378 [1]
【信息详情】：Application started. Press Ctrl+C to shut down.

＝＝＝＝＝＝＝＝＝＝
【日志级别】：INFO 
【记录时间】：2020-07-05 17:24:55,383 [1]
【信息详情】：Hosting environment: Development

＝＝＝＝＝＝＝＝＝＝
【日志级别】：INFO 
【记录时间】：2020-07-05 17:24:55,387 [1]
【信息详情】：Content root path: C:\Users\10121\Desktop\NutritiveMealSystem\NutritiveMealSystem.FoodAnalysisServices

＝＝＝＝＝＝＝＝＝＝
【日志级别】：WARN 
【记录时间】：2020-07-05 17:27:17,169 [20]
【信息详情】：The server execute CookBookInfoLikePages function  --2020/7/5 17:27:17

＝＝＝＝＝＝＝＝＝＝
【日志级别】：WARN 
【记录时间】：2020-07-05 17:27:29,972 [10]
【信息详情】：The server execute CookBookInfoPages function  --2020/7/5 17:27:29

＝＝＝＝＝＝＝＝＝＝
【日志级别】：INFO 
【记录时间】：2020-07-05 17:55:05,860 [1]
【信息详情】：Now listening on: http://localhost:5000

＝＝＝＝＝＝＝＝＝＝
【日志级别】：INFO 
【记录时间】：2020-07-05 17:55:05,901 [1]
【信息详情】：Application started. Press Ctrl+C to shut down.

＝＝＝＝＝＝＝＝＝＝
【日志级别】：INFO 
【记录时间】：2020-07-05 17:55:05,906 [1]
【信息详情】：Hosting environment: Development

＝＝＝＝＝＝＝＝＝＝
【日志级别】：INFO 
【记录时间】：2020-07-05 17:55:05,910 [1]
【信息详情】：Content root path: C:\Users\10121\Desktop\NutritiveMealSystem\NutritiveMealSystem.FoodAnalysisServices
