
＝＝＝＝＝＝＝＝＝＝
【日志级别】：INFO 
【记录时间】：2020-07-14 20:11:23,150 [1]
【信息详情】：Now listening on: http://localhost:5000

＝＝＝＝＝＝＝＝＝＝
【日志级别】：INFO 
【记录时间】：2020-07-14 20:11:23,299 [1]
【信息详情】：Application started. Press Ctrl+C to shut down.

＝＝＝＝＝＝＝＝＝＝
【日志级别】：INFO 
【记录时间】：2020-07-14 20:11:23,306 [1]
【信息详情】：Hosting environment: Development

＝＝＝＝＝＝＝＝＝＝
【日志级别】：INFO 
【记录时间】：2020-07-14 20:11:23,317 [1]
【信息详情】：Content root path: E:\Project\NutritiveMealSystem\NutritiveMealSystem.FoodAnalysisServices

＝＝＝＝＝＝＝＝＝＝
【日志级别】：INFO 
【记录时间】：2020-07-14 20:13:45,600 [1]
【信息详情】：Now listening on: http://localhost:5000

＝＝＝＝＝＝＝＝＝＝
【日志级别】：INFO 
【记录时间】：2020-07-14 20:13:45,645 [1]
【信息详情】：Application started. Press Ctrl+C to shut down.

＝＝＝＝＝＝＝＝＝＝
【日志级别】：INFO 
【记录时间】：2020-07-14 20:13:45,649 [1]
【信息详情】：Hosting environment: Development

＝＝＝＝＝＝＝＝＝＝
【日志级别】：INFO 
【记录时间】：2020-07-14 20:13:45,660 [1]
【信息详情】：Content root path: E:\Project\NutritiveMealSystem\NutritiveMealSystem.FoodAnalysisServices

＝＝＝＝＝＝＝＝＝＝
【日志级别】：INFO 
【记录时间】：2020-07-14 20:27:49,480 [1]
【信息详情】：Now listening on: http://localhost:5000

＝＝＝＝＝＝＝＝＝＝
【日志级别】：INFO 
【记录时间】：2020-07-14 20:27:49,521 [1]
【信息详情】：Application started. Press Ctrl+C to shut down.

＝＝＝＝＝＝＝＝＝＝
【日志级别】：INFO 
【记录时间】：2020-07-14 20:27:49,525 [1]
【信息详情】：Hosting environment: Development

＝＝＝＝＝＝＝＝＝＝
【日志级别】：INFO 
【记录时间】：2020-07-14 20:27:49,530 [1]
【信息详情】：Content root path: E:\Project\NutritiveMealSystem\NutritiveMealSystem.FoodAnalysisServices

＝＝＝＝＝＝＝＝＝＝
【日志级别】：INFO 
【记录时间】：2020-07-14 20:28:25,409 [1]
【信息详情】：Now listening on: http://localhost:5000

＝＝＝＝＝＝＝＝＝＝
【日志级别】：INFO 
【记录时间】：2020-07-14 20:28:25,546 [1]
【信息详情】：Application started. Press Ctrl+C to shut down.

＝＝＝＝＝＝＝＝＝＝
【日志级别】：INFO 
【记录时间】：2020-07-14 20:28:25,554 [1]
【信息详情】：Hosting environment: Development

＝＝＝＝＝＝＝＝＝＝
【日志级别】：INFO 
【记录时间】：2020-07-14 20:28:25,576 [1]
【信息详情】：Content root path: E:\Project\NutritiveMealSystem\NutritiveMealSystem.FoodAnalysisServices

＝＝＝＝＝＝＝＝＝＝
【日志级别】：INFO 
【记录时间】：2020-07-14 20:31:08,159 [1]
【信息详情】：Now listening on: http://localhost:5001

＝＝＝＝＝＝＝＝＝＝
【日志级别】：INFO 
【记录时间】：2020-07-14 20:41:45,181 [1]
【信息详情】：Now listening on: http://localhost:5001

＝＝＝＝＝＝＝＝＝＝
【日志级别】：INFO 
【记录时间】：2020-07-14 20:41:45,213 [1]
【信息详情】：Application started. Press Ctrl+C to shut down.

＝＝＝＝＝＝＝＝＝＝
【日志级别】：INFO 
【记录时间】：2020-07-14 20:41:45,217 [1]
【信息详情】：Hosting environment: Development

＝＝＝＝＝＝＝＝＝＝
【日志级别】：INFO 
【记录时间】：2020-07-14 20:41:45,220 [1]
【信息详情】：Content root path: E:\Project\NutritiveMealSystem\NutritiveMealSystem.FoodAnalysisServices

＝＝＝＝＝＝＝＝＝＝
【日志级别】：INFO 
【记录时间】：2020-07-14 20:54:54,852 [1]
【信息详情】：Now listening on: http://localhost:5001

＝＝＝＝＝＝＝＝＝＝
【日志级别】：INFO 
【记录时间】：2020-07-14 20:54:54,887 [1]
【信息详情】：Application started. Press Ctrl+C to shut down.

＝＝＝＝＝＝＝＝＝＝
【日志级别】：INFO 
【记录时间】：2020-07-14 20:54:54,892 [1]
【信息详情】：Hosting environment: Development

＝＝＝＝＝＝＝＝＝＝
【日志级别】：INFO 
【记录时间】：2020-07-14 20:54:54,897 [1]
【信息详情】：Content root path: E:\Project\NutritiveMealSystem\NutritiveMealSystem.FoodAnalysisServices

＝＝＝＝＝＝＝＝＝＝
【日志级别】：INFO 
【记录时间】：2020-07-14 21:04:43,162 [1]
【信息详情】：Now listening on: http://localhost:5001

＝＝＝＝＝＝＝＝＝＝
【日志级别】：INFO 
【记录时间】：2020-07-14 21:04:43,201 [1]
【信息详情】：Application started. Press Ctrl+C to shut down.

＝＝＝＝＝＝＝＝＝＝
【日志级别】：INFO 
【记录时间】：2020-07-14 21:04:43,205 [1]
【信息详情】：Hosting environment: Development

＝＝＝＝＝＝＝＝＝＝
【日志级别】：INFO 
【记录时间】：2020-07-14 21:04:43,222 [1]
【信息详情】：Content root path: E:\Project\NutritiveMealSystem\NutritiveMealSystem.FoodAnalysisServices

＝＝＝＝＝＝＝＝＝＝
【日志级别】：INFO 
【记录时间】：2020-07-14 21:06:33,357 [1]
【信息详情】：Now listening on: http://localhost:5001

＝＝＝＝＝＝＝＝＝＝
【日志级别】：INFO 
【记录时间】：2020-07-14 21:06:33,472 [1]
【信息详情】：Application started. Press Ctrl+C to shut down.

＝＝＝＝＝＝＝＝＝＝
【日志级别】：INFO 
【记录时间】：2020-07-14 21:06:33,479 [1]
【信息详情】：Hosting environment: Development

＝＝＝＝＝＝＝＝＝＝
【日志级别】：INFO 
【记录时间】：2020-07-14 21:06:33,490 [1]
【信息详情】：Content root path: E:\Project\NutritiveMealSystem\NutritiveMealSystem.FoodAnalysisServices
