
＝＝＝＝＝＝＝＝＝＝
【日志级别】：INFO 
【记录时间】：2020-07-02 12:14:55,887 [1]
【信息详情】：Now listening on: http://localhost:5000

＝＝＝＝＝＝＝＝＝＝
【日志级别】：INFO 
【记录时间】：2020-07-02 12:14:55,941 [1]
【信息详情】：Application started. Press Ctrl+C to shut down.

＝＝＝＝＝＝＝＝＝＝
【日志级别】：INFO 
【记录时间】：2020-07-02 12:14:55,946 [1]
【信息详情】：Hosting environment: Development

＝＝＝＝＝＝＝＝＝＝
【日志级别】：INFO 
【记录时间】：2020-07-02 12:14:55,954 [1]
【信息详情】：Content root path: C:\Users\10121\Desktop\NutritiveMealSystem\NutritiveMealSystem.FoodAnalysisServices

＝＝＝＝＝＝＝＝＝＝
【日志级别】：INFO 
【记录时间】：2020-07-02 12:15:25,706 [1]
【信息详情】：Now listening on: http://localhost:5000

＝＝＝＝＝＝＝＝＝＝
【日志级别】：INFO 
【记录时间】：2020-07-02 12:15:25,738 [1]
【信息详情】：Application started. Press Ctrl+C to shut down.

＝＝＝＝＝＝＝＝＝＝
【日志级别】：INFO 
【记录时间】：2020-07-02 12:15:25,741 [1]
【信息详情】：Hosting environment: Development

＝＝＝＝＝＝＝＝＝＝
【日志级别】：INFO 
【记录时间】：2020-07-02 12:15:25,745 [1]
【信息详情】：Content root path: C:\Users\10121\Desktop\NutritiveMealSystem\NutritiveMealSystem.FoodAnalysisServices

＝＝＝＝＝＝＝＝＝＝
【日志级别】：WARN 
【记录时间】：2020-07-02 12:23:51,257 [16]
【信息详情】：The server execute AddFoodNutrionInfo Fuction  --2020/7/2 12:23:51

＝＝＝＝＝＝＝＝＝＝
【日志级别】：WARN 
【记录时间】：2020-07-02 12:24:14,372 [29]
【信息详情】：The server execute GetAllFoodNutrition Fuction  --2020/7/2 12:24:14

＝＝＝＝＝＝＝＝＝＝
【日志级别】：INFO 
【记录时间】：2020-07-02 12:25:08,736 [1]
【信息详情】：Now listening on: http://localhost:5000

＝＝＝＝＝＝＝＝＝＝
【日志级别】：INFO 
【记录时间】：2020-07-02 12:25:08,817 [1]
【信息详情】：Application started. Press Ctrl+C to shut down.

＝＝＝＝＝＝＝＝＝＝
【日志级别】：INFO 
【记录时间】：2020-07-02 12:25:08,834 [1]
【信息详情】：Hosting environment: Development

＝＝＝＝＝＝＝＝＝＝
【日志级别】：INFO 
【记录时间】：2020-07-02 12:25:08,843 [1]
【信息详情】：Content root path: C:\Users\10121\Desktop\NutritiveMealSystem\NutritiveMealSystem.FoodAnalysisServices

＝＝＝＝＝＝＝＝＝＝
【日志级别】：WARN 
【记录时间】：2020-07-02 12:28:02,571 [5]
【信息详情】：The server execute UpdateFoodNutrionInfo Fuction  --2020/7/2 12:28:02

＝＝＝＝＝＝＝＝＝＝
【日志级别】：WARN 
【记录时间】：2020-07-02 12:28:16,101 [5]
【信息详情】：The server execute AddNutrition Fuction  --Database operation expected to affect 1 row(s) but actually affected 0 row(s). Data may have been modified or deleted since entities were loaded. See http://go.microsoft.com/fwlink/?LinkId=527962 for information on understanding and handling optimistic concurrency exceptions.2020/7/2 12:28:16

＝＝＝＝＝＝＝＝＝＝
【日志级别】：WARN 
【记录时间】：2020-07-02 12:28:29,020 [22]
【信息详情】：The server execute UpdateFoodNutrionInfo Fuction  --2020/7/2 12:28:28

＝＝＝＝＝＝＝＝＝＝
【日志级别】：WARN 
【记录时间】：2020-07-02 12:29:32,754 [22]
【信息详情】：The server execute FoodNutrionInfoPages Fuction  --2020/7/2 12:29:32

＝＝＝＝＝＝＝＝＝＝
【日志级别】：WARN 
【记录时间】：2020-07-02 12:29:36,861 [22]
【信息详情】：The server execute FoodNutrionInfoPages Fuction  --2020/7/2 12:29:36

＝＝＝＝＝＝＝＝＝＝
【日志级别】：WARN 
【记录时间】：2020-07-02 12:29:42,976 [22]
【信息详情】：The server execute FoodNutrionInfoPages Fuction  --2020/7/2 12:29:42

＝＝＝＝＝＝＝＝＝＝
【日志级别】：WARN 
【记录时间】：2020-07-02 12:30:04,021 [4]
【信息详情】：The server execute FoodNutrionInfoLikePage Fuction  --2020/7/2 12:30:04

＝＝＝＝＝＝＝＝＝＝
【日志级别】：WARN 
【记录时间】：2020-07-02 12:30:09,807 [25]
【信息详情】：The server execute FoodNutrionInfoLikePage Fuction  --2020/7/2 12:30:09

＝＝＝＝＝＝＝＝＝＝
【日志级别】：WARN 
【记录时间】：2020-07-02 12:30:39,836 [12]
【信息详情】：The server execute UpdateFoodNutrionInfo Fuction  --2020/7/2 12:30:39
