
＝＝＝＝＝＝＝＝＝＝
【日志级别】：INFO 
【记录时间】：2020-06-28 11:06:52,610 [1]
【信息详情】：Now listening on: http://[::]:5726

＝＝＝＝＝＝＝＝＝＝
【日志级别】：INFO 
【记录时间】：2020-06-28 11:06:52,634 [1]
【信息详情】：Application started. Press Ctrl+C to shut down.

＝＝＝＝＝＝＝＝＝＝
【日志级别】：INFO 
【记录时间】：2020-06-28 11:06:52,634 [1]
【信息详情】：Hosting environment: Production

＝＝＝＝＝＝＝＝＝＝
【日志级别】：INFO 
【记录时间】：2020-06-28 11:06:52,635 [1]
【信息详情】：Content root path: C:\Users\10121\Desktop\NutritiveMealSystem\NutritiveMealSystem.FoodAnalysisServices\bin\Debug\netcoreapp3.1

＝＝＝＝＝＝＝＝＝＝
【日志级别】：INFO 
【记录时间】：2020-06-28 11:07:39,835 [14]
【信息详情】：Application is shutting down...

＝＝＝＝＝＝＝＝＝＝
【日志级别】：INFO 
【记录时间】：2020-06-28 11:08:17,657 [1]
【信息详情】：Now listening on: http://[::]:5726

＝＝＝＝＝＝＝＝＝＝
【日志级别】：INFO 
【记录时间】：2020-06-28 11:08:17,677 [1]
【信息详情】：Application started. Press Ctrl+C to shut down.

＝＝＝＝＝＝＝＝＝＝
【日志级别】：INFO 
【记录时间】：2020-06-28 11:08:17,678 [1]
【信息详情】：Hosting environment: Production

＝＝＝＝＝＝＝＝＝＝
【日志级别】：INFO 
【记录时间】：2020-06-28 11:08:17,680 [1]
【信息详情】：Content root path: C:\Users\10121\Desktop\NutritiveMealSystem\NutritiveMealSystem.FoodAnalysisServices\bin\Debug\netcoreapp3.1

＝＝＝＝＝＝＝＝＝＝
【日志级别】：WARN 
【记录时间】：2020-06-28 11:08:20,950 [8]
【信息详情】：The Server execute HealthCheck -2020/6/28 11:08:20

＝＝＝＝＝＝＝＝＝＝
【日志级别】：INFO 
【记录时间】：2020-06-28 11:17:55,331 [29]
【信息详情】：Application is shutting down...

＝＝＝＝＝＝＝＝＝＝
【日志级别】：INFO 
【记录时间】：2020-06-28 11:18:30,086 [1]
【信息详情】：Now listening on: http://[::]:5726

＝＝＝＝＝＝＝＝＝＝
【日志级别】：INFO 
【记录时间】：2020-06-28 11:18:30,106 [1]
【信息详情】：Application started. Press Ctrl+C to shut down.

＝＝＝＝＝＝＝＝＝＝
【日志级别】：INFO 
【记录时间】：2020-06-28 11:18:30,108 [1]
【信息详情】：Hosting environment: Production

＝＝＝＝＝＝＝＝＝＝
【日志级别】：INFO 
【记录时间】：2020-06-28 11:18:30,109 [1]
【信息详情】：Content root path: C:\Users\10121\Desktop\NutritiveMealSystem\NutritiveMealSystem.FoodAnalysisServices\bin\Debug\netcoreapp3.1

＝＝＝＝＝＝＝＝＝＝
【日志级别】：INFO 
【记录时间】：2020-06-28 11:19:16,346 [13]
【信息详情】：Application is shutting down...

＝＝＝＝＝＝＝＝＝＝
【日志级别】：INFO 
【记录时间】：2020-06-28 11:28:57,275 [1]
【信息详情】：Now listening on: http://[::]:5726

＝＝＝＝＝＝＝＝＝＝
【日志级别】：INFO 
【记录时间】：2020-06-28 11:28:57,293 [1]
【信息详情】：Application started. Press Ctrl+C to shut down.

＝＝＝＝＝＝＝＝＝＝
【日志级别】：INFO 
【记录时间】：2020-06-28 11:28:57,295 [1]
【信息详情】：Hosting environment: Production

＝＝＝＝＝＝＝＝＝＝
【日志级别】：INFO 
【记录时间】：2020-06-28 11:28:57,296 [1]
【信息详情】：Content root path: C:\Users\10121\Desktop\NutritiveMealSystem\NutritiveMealSystem.FoodAnalysisServices\bin\Debug\netcoreapp3.1

＝＝＝＝＝＝＝＝＝＝
【日志级别】：INFO 
【记录时间】：2020-06-28 11:28:59,901 [9]
【信息详情】：Application is shutting down...

＝＝＝＝＝＝＝＝＝＝
【日志级别】：INFO 
【记录时间】：2020-06-28 11:29:18,078 [1]
【信息详情】：Now listening on: http://[::]:5726

＝＝＝＝＝＝＝＝＝＝
【日志级别】：INFO 
【记录时间】：2020-06-28 11:29:18,098 [1]
【信息详情】：Application started. Press Ctrl+C to shut down.

＝＝＝＝＝＝＝＝＝＝
【日志级别】：INFO 
【记录时间】：2020-06-28 11:29:18,099 [1]
【信息详情】：Hosting environment: Production

＝＝＝＝＝＝＝＝＝＝
【日志级别】：INFO 
【记录时间】：2020-06-28 11:29:18,100 [1]
【信息详情】：Content root path: C:\Users\10121\Desktop\NutritiveMealSystem\NutritiveMealSystem.FoodAnalysisServices\bin\Debug\netcoreapp3.1

＝＝＝＝＝＝＝＝＝＝
【日志级别】：INFO 
【记录时间】：2020-06-28 11:29:47,004 [12]
【信息详情】：Application is shutting down...

＝＝＝＝＝＝＝＝＝＝
【日志级别】：INFO 
【记录时间】：2020-06-28 13:04:49,352 [1]
【信息详情】：Now listening on: http://[::]:5725

＝＝＝＝＝＝＝＝＝＝
【日志级别】：INFO 
【记录时间】：2020-06-28 13:04:49,370 [1]
【信息详情】：Application started. Press Ctrl+C to shut down.

＝＝＝＝＝＝＝＝＝＝
【日志级别】：INFO 
【记录时间】：2020-06-28 13:04:49,372 [1]
【信息详情】：Hosting environment: Production

＝＝＝＝＝＝＝＝＝＝
【日志级别】：INFO 
【记录时间】：2020-06-28 13:04:49,373 [1]
【信息详情】：Content root path: C:\Users\10121\Desktop\NutritiveMealSystem\NutritiveMealSystem.FoodAnalysisServices\bin\Debug\netcoreapp3.1

＝＝＝＝＝＝＝＝＝＝
【日志级别】：INFO 
【记录时间】：2020-06-28 13:06:06,027 [17]
【信息详情】：Application is shutting down...
